Using pre-set license
Built from '2020.2/staging' branch; Version is '2020.2.6f1 (8a2143876886) revision 9052483'; Using compiler version '192528614'; Build Type 'Release'
OS: 'Windows 10 Enterprise; OS build 18363.476; Version 1909; 64bit' Language: 'en' Physical Memory: 32647 MB
BatchMode: 1, IsHumanControllingUs: 0, StartBugReporterOnCrash: 0, Is64bit: 1, IsPro: 0

 COMMAND LINE ARGUMENTS:
C:\Program Files\Unity\Hub\Editor\2020.2.6f1\Editor\Unity.exe
-adb2
-batchMode
-noUpm
-name
AssetImportWorker0
-projectPath
D:/Users/mds00001or/Desktop/Uni/Grizzy/MobileProject
-logFile
Logs/AssetImportWorker0.log
-srvPort
64415
Successfully changed project path to: D:/Users/mds00001or/Desktop/Uni/Grizzy/MobileProject
D:/Users/mds00001or/Desktop/Uni/Grizzy/MobileProject
Using Asset Import Pipeline V2.
Unable to join player connection multicast group.

Refreshing native plugins compatible for Editor in 49.49 ms, found 1 plugins.
Preloading 0 native plugins for Editor in 0.00 ms.
Initialize engine version: 2020.2.6f1 (8a2143876886)
[Subsystems] Discovering subsystems at path C:/Program Files/Unity/Hub/Editor/2020.2.6f1/Editor/Data/Resources/UnitySubsystems
[Subsystems] Discovering subsystems at path D:/Users/mds00001or/Desktop/Uni/Grizzy/MobileProject/Assets
GfxDevice: creating device client; threaded=0
Direct3D:
    Version:  Direct3D 11.0 [level 11.1]
    Renderer: NVIDIA GeForce GTX 1080 (ID=0x1b80)
    Vendor:   
    VRAM:     8079 MB
    Driver:   27.21.14.6172
Initialize mono
Mono path[0] = 'C:/Program Files/Unity/Hub/Editor/2020.2.6f1/Editor/Data/Managed'
Mono path[1] = 'C:/Program Files/Unity/Hub/Editor/2020.2.6f1/Editor/Data/MonoBleedingEdge/lib/mono/unityjit'
Mono config path = 'C:/Program Files/Unity/Hub/Editor/2020.2.6f1/Editor/Data/MonoBleedingEdge/etc'
Using monoOptions --debugger-agent=transport=dt_socket,embedding=1,server=y,suspend=n,address=127.0.0.1:56008
Begin MonoManager ReloadAssembly
Registering precompiled unity dll's ...
Register platform support module: C:/Program Files/Unity/Hub/Editor/2020.2.6f1/Editor/Data/PlaybackEngines/WindowsStandaloneSupport/UnityEditor.WindowsStandalone.Extensions.dll
Registered in 0.001408 seconds.
Native extension for WindowsStandalone target not found
Refreshing native plugins compatible for Editor in 42.14 ms, found 1 plugins.
Preloading 0 native plugins for Editor in 0.00 ms.
Invoked RoslynAnalysisRunner static constructor.
RoslynAnalysisRunner will not be running.
RoslynAnalysisRunner has terminated.
Mono: successfully reloaded assembly
- Completed reload, in  2.017 seconds
Platform modules already initialized, skipping
Registering precompiled user dll's ...
Registered in 0.001944 seconds.
Begin MonoManager ReloadAssembly
Native extension for WindowsStandalone target not found
Refreshing native plugins compatible for Editor in 49.38 ms, found 1 plugins.
Preloading 0 native plugins for Editor in 0.00 ms.
Invoked RoslynAnalysisRunner static constructor.
RoslynAnalysisRunner will not be running.
RoslynAnalysisRunner has terminated.
Mono: successfully reloaded assembly
- Completed reload, in  0.984 seconds
Platform modules already initialized, skipping
========================================================================
Worker process is ready to serve import requests
Launched and connected shader compiler UnityShaderCompiler.exe after 0.04 seconds
Refreshing native plugins compatible for Editor in 0.52 ms, found 1 plugins.
Preloading 0 native plugins for Editor in 0.00 ms.
Unloading 1934 Unused Serialized files (Serialized files now loaded: 0)
System memory in use before: 89.6 MB.
System memory in use after: 89.7 MB.

Unloading 32 unused Assets to reduce memory usage. Loaded Objects now: 2367.
Total: 2.239100 ms (FindLiveObjects: 0.165600 ms CreateObjectMapping: 0.067400 ms MarkObjects: 1.892800 ms  DeleteObjects: 0.112200 ms)

========================================================================
Received Import Request.
  path: Assets/backpackbuton.png
  artifactKey: Guid(9febfbe2aa4b7b64d98b0921b2d50451) Importer(815301076,1909f56bfc062723c751e8b465ee728b)
Start importing Assets/backpackbuton.png using Guid(9febfbe2aa4b7b64d98b0921b2d50451) Importer(815301076,1909f56bfc062723c751e8b465ee728b)  -> (artifact id: '362f54555cc7f35f314ae5d36439c86d') in 0.121014 seconds
  Import took 0.127460 seconds .

========================================================================
Received Import Request.
  Time since last request: 318.650573 seconds.
  path: Assets/backpackbuton.png
  artifactKey: Guid(9febfbe2aa4b7b64d98b0921b2d50451) Importer(815301076,1909f56bfc062723c751e8b465ee728b)
Start importing Assets/backpackbuton.png using Guid(9febfbe2aa4b7b64d98b0921b2d50451) Importer(815301076,1909f56bfc062723c751e8b465ee728b)  -> (artifact id: 'c9d1f3c0290a6b9685caa26e46e2cf06') in 0.018434 seconds
  Import took 0.021985 seconds .

========================================================================
Received Import Request.
  Time since last request: 198.396910 seconds.
  path: Assets/talentbutton.png
  artifactKey: Guid(142148c7f1f9448489a19a369ff07f1b) Importer(815301076,1909f56bfc062723c751e8b465ee728b)
Start importing Assets/talentbutton.png using Guid(142148c7f1f9448489a19a369ff07f1b) Importer(815301076,1909f56bfc062723c751e8b465ee728b)  -> (artifact id: '6b04316c191210bf2020fd7cc3ed442c') in 0.021084 seconds
  Import took 0.024391 seconds .

========================================================================
Received Import Request.
  Time since last request: 149.705054 seconds.
  path: Assets/shopbutton.png
  artifactKey: Guid(4405dda29caccf544b0d98cd85c488d4) Importer(815301076,1909f56bfc062723c751e8b465ee728b)
Start importing Assets/shopbutton.png using Guid(4405dda29caccf544b0d98cd85c488d4) Importer(815301076,1909f56bfc062723c751e8b465ee728b)  -> (artifact id: '8bd3a4169219dd88490601c1c8e692c3') in 0.020515 seconds
  Import took 0.023833 seconds .

========================================================================
Received Import Request.
  Time since last request: 45.077481 seconds.
  path: Assets/Sprites
  artifactKey: Guid(59d021eefc41c7a46a2a4fe19c5d28ae) Importer(815301076,1909f56bfc062723c751e8b465ee728b)
Start importing Assets/Sprites using Guid(59d021eefc41c7a46a2a4fe19c5d28ae) Importer(815301076,1909f56bfc062723c751e8b465ee728b)  -> (artifact id: '87f7a4eb134c5341f52c650dcd83a4bc') in 0.008196 seconds
  Import took 0.011683 seconds .

========================================================================
Received Import Request.
  Time since last request: 0.075875 seconds.
  path: Assets/Sprites/bg.jpg
  artifactKey: Guid(032d077779f7f82479adb4e22bdb1859) Importer(815301076,1909f56bfc062723c751e8b465ee728b)
Start importing Assets/Sprites/bg.jpg using Guid(032d077779f7f82479adb4e22bdb1859) Importer(815301076,1909f56bfc062723c751e8b465ee728b)  -> (artifact id: 'ca8d6430fd0ddbac20775c66e8b6ec6c') in 0.026777 seconds
  Import took 0.031562 seconds .

========================================================================
Received Import Request.
  Time since last request: 0.000171 seconds.
  path: Assets/Sprites/firsword.png
  artifactKey: Guid(4afb0f5d567c4504781ecb243c83b665) Importer(815301076,1909f56bfc062723c751e8b465ee728b)
Start importing Assets/Sprites/firsword.png using Guid(4afb0f5d567c4504781ecb243c83b665) Importer(815301076,1909f56bfc062723c751e8b465ee728b)  -> (artifact id: '9d521743606479b4a85cef7dac0800e4') in 0.034530 seconds
  Import took 0.038709 seconds .

========================================================================
Received Import Request.
  Time since last request: 0.000163 seconds.
  path: Assets/Sprites/stick.png
  artifactKey: Guid(9ad4ebda0f830974285972f66b3e88e4) Importer(815301076,1909f56bfc062723c751e8b465ee728b)
Start importing Assets/Sprites/stick.png using Guid(9ad4ebda0f830974285972f66b3e88e4) Importer(815301076,1909f56bfc062723c751e8b465ee728b)  -> (artifact id: '4480722f4b369898748ded8b637c4f13') in 0.022880 seconds
  Import took 0.025986 seconds .

========================================================================
Received Import Request.
  Time since last request: 0.000235 seconds.
  path: Assets/Sprites/uibarthing.png
  artifactKey: Guid(ae8c812c47575884aa5a33c24d9cb1d7) Importer(815301076,1909f56bfc062723c751e8b465ee728b)
Start importing Assets/Sprites/uibarthing.png using Guid(ae8c812c47575884aa5a33c24d9cb1d7) Importer(815301076,1909f56bfc062723c751e8b465ee728b)  -> (artifact id: '0077934ef00592fab580382acf66cec6') in 0.021109 seconds
  Import took 0.024840 seconds .

========================================================================
Received Import Request.
  Time since last request: 0.000144 seconds.
  path: Assets/Sprites/coinage.gif
  artifactKey: Guid(11cca39dff7a4ad43b98d840e550c30c) Importer(815301076,1909f56bfc062723c751e8b465ee728b)
Start importing Assets/Sprites/coinage.gif using Guid(11cca39dff7a4ad43b98d840e550c30c) Importer(815301076,1909f56bfc062723c751e8b465ee728b)  -> (artifact id: '82e4c7a00ad07f77f2bc05f95b52d63a') in 0.022143 seconds
  Import took 0.025376 seconds .

========================================================================
Received Import Request.
  Time since last request: 0.000147 seconds.
  path: Assets/Sprites/hpbar.png
  artifactKey: Guid(8f9c7ca907f626c409c48dfed23b0f0a) Importer(815301076,1909f56bfc062723c751e8b465ee728b)
Start importing Assets/Sprites/hpbar.png using Guid(8f9c7ca907f626c409c48dfed23b0f0a) Importer(815301076,1909f56bfc062723c751e8b465ee728b)  -> (artifact id: 'f8ef03872dd075e50565fd5e769bc2c9') in 0.019636 seconds
  Import took 0.022319 seconds .

========================================================================
Received Import Request.
  Time since last request: 0.000153 seconds.
  path: Assets/Sprites/fist.png
  artifactKey: Guid(3a0f24569c0d94641a23df8070a5b4f3) Importer(815301076,1909f56bfc062723c751e8b465ee728b)
Start importing Assets/Sprites/fist.png using Guid(3a0f24569c0d94641a23df8070a5b4f3) Importer(815301076,1909f56bfc062723c751e8b465ee728b)  -> (artifact id: 'ad98a26a819acb415b12f39df0275b0a') in 0.024197 seconds
  Import took 0.027395 seconds .

========================================================================
Received Import Request.
  Time since last request: 4.109612 seconds.
  path: Assets/Animations
  artifactKey: Guid(342226f18c38e724bb8352bb196256dd) Importer(815301076,1909f56bfc062723c751e8b465ee728b)
Start importing Assets/Animations using Guid(342226f18c38e724bb8352bb196256dd) Importer(815301076,1909f56bfc062723c751e8b465ee728b)  -> (artifact id: '09298c2834f627b6c3e294a00af4450c') in 0.005808 seconds
  Import took 0.008780 seconds .

========================================================================
Received Import Request.
  Time since last request: 1.014406 seconds.
  path: Assets/Animations/Character
  artifactKey: Guid(c4d585e922bde4744a59a0ec4e6e76aa) Importer(815301076,1909f56bfc062723c751e8b465ee728b)
Start importing Assets/Animations/Character using Guid(c4d585e922bde4744a59a0ec4e6e76aa) Importer(815301076,1909f56bfc062723c751e8b465ee728b)  -> (artifact id: 'e0e87fa37a6a50598bbb3753db8f9198') in 0.008790 seconds
  Import took 0.012649 seconds .

========================================================================
Received Import Request.
  Time since last request: 9.538478 seconds.
  path: Assets/Characters/Hero Knight - Pixel Art/Sprites/BlockFlash.png
  artifactKey: Guid(a75445bb16444f14f96fdf9c734945cc) Importer(815301076,1909f56bfc062723c751e8b465ee728b)
Start importing Assets/Characters/Hero Knight - Pixel Art/Sprites/BlockFlash.png using Guid(a75445bb16444f14f96fdf9c734945cc) Importer(815301076,1909f56bfc062723c751e8b465ee728b)  -> (artifact id: 'ff67f7a07dbe0a4c2163d2f422082a20') in 0.034923 seconds
  Import took 0.038425 seconds .

========================================================================
Received Import Request.
  Time since last request: 0.000288 seconds.
  path: Assets/Characters/Hero Knight - Pixel Art/Sprites/HeroKnight.png
  artifactKey: Guid(ae297123f091bbf4e8f1835eb98fb293) Importer(815301076,1909f56bfc062723c751e8b465ee728b)
Start importing Assets/Characters/Hero Knight - Pixel Art/Sprites/HeroKnight.png using Guid(ae297123f091bbf4e8f1835eb98fb293) Importer(815301076,1909f56bfc062723c751e8b465ee728b)  -> (artifact id: '041239bf7447206f98c535d9f928c5fd') in 0.252106 seconds
  Import took 0.257210 seconds .

========================================================================
Received Import Request.
  Time since last request: 0.001604 seconds.
  path: Assets/Characters/Hero Knight - Pixel Art/Sprites/HeroKnight.png
  artifactKey: Guid(ae297123f091bbf4e8f1835eb98fb293) Importer(815301076,1909f56bfc062723c751e8b465ee728b)
Start importing Assets/Characters/Hero Knight - Pixel Art/Sprites/HeroKnight.png using Guid(ae297123f091bbf4e8f1835eb98fb293) Importer(815301076,1909f56bfc062723c751e8b465ee728b)  -> (artifact id: '041239bf7447206f98c535d9f928c5fd') in 0.138998 seconds
  Import took 0.143842 seconds .

========================================================================
Received Import Request.
  Time since last request: 98.359460 seconds.
  path: Assets/characterbutton.png
  artifactKey: Guid(eb192b634c9cef241acde66f8519d92f) Importer(815301076,1909f56bfc062723c751e8b465ee728b)
Start importing Assets/characterbutton.png using Guid(eb192b634c9cef241acde66f8519d92f) Importer(815301076,1909f56bfc062723c751e8b465ee728b)  -> (artifact id: '81a77019c52adfa58fba11b775780921') in 0.021858 seconds
  Import took 0.025175 seconds .

========================================================================
Received Prepare
Registering precompiled user dll's ...
Registered in 0.000801 seconds.
Begin MonoManager ReloadAssembly
Native extension for WindowsStandalone target not found
Refreshing native plugins compatible for Editor in 0.48 ms, found 1 plugins.
Preloading 0 native plugins for Editor in 0.00 ms.
Invoked RoslynAnalysisRunner static constructor.
RoslynAnalysisRunner will not be running.
RoslynAnalysisRunner has terminated.
Mono: successfully reloaded assembly
- Completed reload, in  1.242 seconds
Platform modules already initialized, skipping
Switching build target platform(5) subTarget(0) extendedPlatform(0) -> platform(13) subTarget(537395200) extendedPlatform(0)
Refreshing native plugins compatible for Editor in 0.65 ms, found 1 plugins.
Preloading 0 native plugins for Editor in 0.00 ms.
Unloading 1915 Unused Serialized files (Serialized files now loaded: 0)
System memory in use before: 91.3 MB.
System memory in use after: 91.4 MB.

Unloading 20 unused Assets to reduce memory usage. Loaded Objects now: 2397.
Total: 1.867200 ms (FindLiveObjects: 0.197500 ms CreateObjectMapping: 0.065700 ms MarkObjects: 1.586300 ms  DeleteObjects: 0.016900 ms)

AssetImportParameters requested are different than current active one (requested -> active):
  custom:graphics/normal-map-encoding: 01000000000000000000000000000000 -> 02000000000000000000000000000000
========================================================================
Received Prepare
Registering precompiled user dll's ...
Registered in 0.000835 seconds.
Begin MonoManager ReloadAssembly
Native extension for WindowsStandalone target not found
Refreshing native plugins compatible for Editor in 0.45 ms, found 1 plugins.
Preloading 0 native plugins for Editor in 0.00 ms.
Invoked RoslynAnalysisRunner static constructor.
RoslynAnalysisRunner will not be running.
RoslynAnalysisRunner has terminated.
Mono: successfully reloaded assembly
- Completed reload, in  0.910 seconds
Platform modules already initialized, skipping
Switching build target platform(5) subTarget(0) extendedPlatform(0) -> platform(13) subTarget(537395200) extendedPlatform(0)
Refreshing native plugins compatible for Editor in 0.42 ms, found 1 plugins.
Preloading 0 native plugins for Editor in 0.00 ms.
Unloading 1915 Unused Serialized files (Serialized files now loaded: 0)
System memory in use before: 91.4 MB.
System memory in use after: 91.5 MB.

Unloading 20 unused Assets to reduce memory usage. Loaded Objects now: 2400.
Total: 2.218600 ms (FindLiveObjects: 0.278500 ms CreateObjectMapping: 0.068300 ms MarkObjects: 1.814900 ms  DeleteObjects: 0.055900 ms)

AssetImportParameters requested are different than current active one (requested -> active):
  custom:graphics/normal-map-encoding: 01000000000000000000000000000000 -> 02000000000000000000000000000000
========================================================================
Received Prepare
Registering precompiled user dll's ...
Registered in 0.000983 seconds.
Begin MonoManager ReloadAssembly
Native extension for WindowsStandalone target not found
Refreshing native plugins compatible for Editor in 0.46 ms, found 1 plugins.
Preloading 0 native plugins for Editor in 0.00 ms.
Invoked RoslynAnalysisRunner static constructor.
RoslynAnalysisRunner will not be running.
RoslynAnalysisRunner has terminated.
Mono: successfully reloaded assembly
- Completed reload, in  0.826 seconds
Platform modules already initialized, skipping
Switching build target platform(5) subTarget(0) extendedPlatform(0) -> platform(13) subTarget(537395200) extendedPlatform(0)
Refreshing native plugins compatible for Editor in 0.58 ms, found 1 plugins.
Preloading 0 native plugins for Editor in 0.00 ms.
Unloading 1915 Unused Serialized files (Serialized files now loaded: 0)
System memory in use before: 91.4 MB.
System memory in use after: 91.5 MB.

Unloading 20 unused Assets to reduce memory usage. Loaded Objects now: 2403.
Total: 2.147500 ms (FindLiveObjects: 0.308700 ms CreateObjectMapping: 0.111700 ms MarkObjects: 1.706200 ms  DeleteObjects: 0.019700 ms)

AssetImportParameters requested are different than current active one (requested -> active):
  custom:graphics/normal-map-encoding: 01000000000000000000000000000000 -> 02000000000000000000000000000000
========================================================================
Received Import Request.
  Time since last request: 281.237112 seconds.
  path: Assets/Animations/Shop/Shop.controller
  artifactKey: Guid(c3cb8ec9868ab84448fb6cbc8def4666) Importer(815301076,1909f56bfc062723c751e8b465ee728b)
Start importing Assets/Animations/Shop/Shop.controller using Guid(c3cb8ec9868ab84448fb6cbc8def4666) Importer(815301076,1909f56bfc062723c751e8b465ee728b)  -> (artifact id: '4dfc2aaa7ce98b9a9b13a03b71ee7e28') in 0.021145 seconds
  Import took 0.024622 seconds .

========================================================================
Received Import Request.
  Time since last request: 14.657633 seconds.
  path: Assets/Animations/Character/Character.controller
  artifactKey: Guid(87acb66334b30654b8519bc86c347060) Importer(815301076,1909f56bfc062723c751e8b465ee728b)
Start importing Assets/Animations/Character/Character.controller using Guid(87acb66334b30654b8519bc86c347060) Importer(815301076,1909f56bfc062723c751e8b465ee728b)  -> (artifact id: 'd832365929f5da6071754158f32c160c') in 0.003670 seconds
  Import took 0.006724 seconds .

========================================================================
Received Import Request.
  Time since last request: 0.004186 seconds.
  path: Assets/Animations/Character/Character.controller
  artifactKey: Guid(87acb66334b30654b8519bc86c347060) Importer(815301076,1909f56bfc062723c751e8b465ee728b)
Start importing Assets/Animations/Character/Character.controller using Guid(87acb66334b30654b8519bc86c347060) Importer(815301076,1909f56bfc062723c751e8b465ee728b)  -> (artifact id: 'd832365929f5da6071754158f32c160c') in 0.004132 seconds
  Import took 0.009113 seconds .

========================================================================
Received Import Request.
  Time since last request: 10.085343 seconds.
  path: Assets/Animations/Talent/Talent.controller
  artifactKey: Guid(dddb1beb9905d564eb063cd92fb24c01) Importer(815301076,1909f56bfc062723c751e8b465ee728b)
Start importing Assets/Animations/Talent/Talent.controller using Guid(dddb1beb9905d564eb063cd92fb24c01) Importer(815301076,1909f56bfc062723c751e8b465ee728b)  -> (artifact id: 'aa3b98d7e0f04dc448451204717e3551') in 0.008488 seconds
  Import took 0.011972 seconds .

========================================================================
Received Prepare
Registering precompiled user dll's ...
Registered in 0.000922 seconds.
Begin MonoManager ReloadAssembly
Native extension for WindowsStandalone target not found
Refreshing native plugins compatible for Editor in 0.81 ms, found 1 plugins.
Preloading 0 native plugins for Editor in 0.00 ms.
Invoked RoslynAnalysisRunner static constructor.
RoslynAnalysisRunner will not be running.
RoslynAnalysisRunner has terminated.
Mono: successfully reloaded assembly
- Completed reload, in  1.057 seconds
Platform modules already initialized, skipping
Switching build target platform(5) subTarget(0) extendedPlatform(0) -> platform(13) subTarget(537395200) extendedPlatform(0)
Refreshing native plugins compatible for Editor in 0.43 ms, found 1 plugins.
Preloading 0 native plugins for Editor in 0.00 ms.
Unloading 1915 Unused Serialized files (Serialized files now loaded: 0)
System memory in use before: 91.4 MB.
System memory in use after: 91.5 MB.

Unloading 20 unused Assets to reduce memory usage. Loaded Objects now: 2406.
Total: 2.007600 ms (FindLiveObjects: 0.184400 ms CreateObjectMapping: 0.070600 ms MarkObjects: 1.732800 ms  DeleteObjects: 0.019100 ms)

AssetImportParameters requested are different than current active one (requested -> active):
  custom:graphics/normal-map-encoding: 01000000000000000000000000000000 -> 02000000000000000000000000000000
========================================================================
Received Prepare
Registering precompiled user dll's ...
Registered in 0.000768 seconds.
Begin MonoManager ReloadAssembly
Native extension for WindowsStandalone target not found
Refreshing native plugins compatible for Editor in 0.43 ms, found 1 plugins.
Preloading 0 native plugins for Editor in 0.00 ms.
Invoked RoslynAnalysisRunner static constructor.
RoslynAnalysisRunner will not be running.
RoslynAnalysisRunner has terminated.
Mono: successfully reloaded assembly
- Completed reload, in  0.820 seconds
Platform modules already initialized, skipping
Switching build target platform(5) subTarget(0) extendedPlatform(0) -> platform(13) subTarget(537395200) extendedPlatform(0)
Refreshing native plugins compatible for Editor in 0.43 ms, found 1 plugins.
Preloading 0 native plugins for Editor in 0.00 ms.
Unloading 1915 Unused Serialized files (Serialized files now loaded: 0)
System memory in use before: 91.4 MB.
System memory in use after: 91.5 MB.

Unloading 20 unused Assets to reduce memory usage. Loaded Objects now: 2409.
Total: 2.115200 ms (FindLiveObjects: 0.186700 ms CreateObjectMapping: 0.071000 ms MarkObjects: 1.822600 ms  DeleteObjects: 0.034000 ms)

AssetImportParameters requested are different than current active one (requested -> active):
  custom:graphics/normal-map-encoding: 01000000000000000000000000000000 -> 02000000000000000000000000000000
========================================================================
Received Prepare
Registering precompiled user dll's ...
Registered in 0.000758 seconds.
Begin MonoManager ReloadAssembly
Native extension for WindowsStandalone target not found
Refreshing native plugins compatible for Editor in 0.48 ms, found 1 plugins.
Preloading 0 native plugins for Editor in 0.00 ms.
Invoked RoslynAnalysisRunner static constructor.
RoslynAnalysisRunner will not be running.
RoslynAnalysisRunner has terminated.
Mono: successfully reloaded assembly
- Completed reload, in  0.869 seconds
Platform modules already initialized, skipping
Switching build target platform(5) subTarget(0) extendedPlatform(0) -> platform(13) subTarget(537395200) extendedPlatform(0)
Refreshing native plugins compatible for Editor in 0.43 ms, found 1 plugins.
Preloading 0 native plugins for Editor in 0.00 ms.
Unloading 1915 Unused Serialized files (Serialized files now loaded: 0)
System memory in use before: 91.4 MB.
System memory in use after: 91.5 MB.

Unloading 20 unused Assets to reduce memory usage. Loaded Objects now: 2412.
Total: 2.052400 ms (FindLiveObjects: 0.178400 ms CreateObjectMapping: 0.064700 ms MarkObjects: 1.773600 ms  DeleteObjects: 0.034700 ms)

AssetImportParameters requested are different than current active one (requested -> active):
  custom:graphics/normal-map-encoding: 01000000000000000000000000000000 -> 02000000000000000000000000000000
========================================================================
Received Prepare
Registering precompiled user dll's ...
Registered in 0.001025 seconds.
Begin MonoManager ReloadAssembly
Native extension for WindowsStandalone target not found
Refreshing native plugins compatible for Editor in 0.44 ms, found 1 plugins.
Preloading 0 native plugins for Editor in 0.00 ms.
Invoked RoslynAnalysisRunner static constructor.
RoslynAnalysisRunner will not be running.
RoslynAnalysisRunner has terminated.
Mono: successfully reloaded assembly
- Completed reload, in  0.940 seconds
Platform modules already initialized, skipping
Switching build target platform(5) subTarget(0) extendedPlatform(0) -> platform(13) subTarget(537395200) extendedPlatform(0)
Refreshing native plugins compatible for Editor in 0.78 ms, found 1 plugins.
Preloading 0 native plugins for Editor in 0.00 ms.
Unloading 1915 Unused Serialized files (Serialized files now loaded: 0)
System memory in use before: 91.4 MB.
System memory in use after: 91.5 MB.

Unloading 20 unused Assets to reduce memory usage. Loaded Objects now: 2415.
Total: 2.601800 ms (FindLiveObjects: 0.265400 ms CreateObjectMapping: 0.105500 ms MarkObjects: 2.209000 ms  DeleteObjects: 0.020500 ms)

AssetImportParameters requested are different than current active one (requested -> active):
  custom:graphics/normal-map-encoding: 01000000000000000000000000000000 -> 02000000000000000000000000000000
========================================================================
Received Prepare
Registering precompiled user dll's ...
Registered in 0.000841 seconds.
Begin MonoManager ReloadAssembly
Native extension for WindowsStandalone target not found
Refreshing native plugins compatible for Editor in 0.44 ms, found 1 plugins.
Preloading 0 native plugins for Editor in 0.00 ms.
Invoked RoslynAnalysisRunner static constructor.
RoslynAnalysisRunner will not be running.
RoslynAnalysisRunner has terminated.
Mono: successfully reloaded assembly
- Completed reload, in  1.004 seconds
Platform modules already initialized, skipping
Switching build target platform(5) subTarget(0) extendedPlatform(0) -> platform(13) subTarget(537395200) extendedPlatform(0)
Refreshing native plugins compatible for Editor in 0.52 ms, found 1 plugins.
Preloading 0 native plugins for Editor in 0.00 ms.
Unloading 1915 Unused Serialized files (Serialized files now loaded: 0)
System memory in use before: 91.4 MB.
System memory in use after: 91.5 MB.

Unloading 20 unused Assets to reduce memory usage. Loaded Objects now: 2418.
Total: 1.897400 ms (FindLiveObjects: 0.264000 ms CreateObjectMapping: 0.092700 ms MarkObjects: 1.519900 ms  DeleteObjects: 0.019800 ms)

AssetImportParameters requested are different than current active one (requested -> active):
  custom:graphics/normal-map-encoding: 01000000000000000000000000000000 -> 02000000000000000000000000000000
========================================================================
Received Import Request.
  Time since last request: 486.716084 seconds.
  path: Assets/backpackbuton.png
  artifactKey: Guid(9febfbe2aa4b7b64d98b0921b2d50451) Importer(815301076,1909f56bfc062723c751e8b465ee728b)
Start importing Assets/backpackbuton.png using Guid(9febfbe2aa4b7b64d98b0921b2d50451) Importer(815301076,1909f56bfc062723c751e8b465ee728b)  -> (artifact id: '006f4f47da53ccddc96f9688df543118') in 0.119052 seconds
  Import took 0.123901 seconds .

========================================================================
Received Import Request.
  Time since last request: 0.000182 seconds.
  path: Assets/talentbutton.png
  artifactKey: Guid(142148c7f1f9448489a19a369ff07f1b) Importer(815301076,1909f56bfc062723c751e8b465ee728b)
Start importing Assets/talentbutton.png using Guid(142148c7f1f9448489a19a369ff07f1b) Importer(815301076,1909f56bfc062723c751e8b465ee728b)  -> (artifact id: '1844117b893a54f8fc7e87a2947f60e0') in 0.023829 seconds
  Import took 0.027321 seconds .

========================================================================
Received Import Request.
  Time since last request: 0.000169 seconds.
  path: Assets/characterbutton.png
  artifactKey: Guid(eb192b634c9cef241acde66f8519d92f) Importer(815301076,1909f56bfc062723c751e8b465ee728b)
Start importing Assets/characterbutton.png using Guid(eb192b634c9cef241acde66f8519d92f) Importer(815301076,1909f56bfc062723c751e8b465ee728b)  -> (artifact id: 'd694cb2741c39cbaa014aae49ac05bf0') in 0.015317 seconds
  Import took 0.018638 seconds .

========================================================================
Received Import Request.
  Time since last request: 0.000139 seconds.
  path: Assets/shopbutton.png
  artifactKey: Guid(4405dda29caccf544b0d98cd85c488d4) Importer(815301076,1909f56bfc062723c751e8b465ee728b)
Start importing Assets/shopbutton.png using Guid(4405dda29caccf544b0d98cd85c488d4) Importer(815301076,1909f56bfc062723c751e8b465ee728b)  -> (artifact id: '219f463d5131370409653291b3797b5d') in 0.014812 seconds
  Import took 0.017983 seconds .

========================================================================
Received Prepare
Registering precompiled user dll's ...
Registered in 0.000822 seconds.
Begin MonoManager ReloadAssembly
Native extension for WindowsStandalone target not found
Refreshing native plugins compatible for Editor in 0.49 ms, found 1 plugins.
Preloading 0 native plugins for Editor in 0.00 ms.
Invoked RoslynAnalysisRunner static constructor.
RoslynAnalysisRunner will not be running.
RoslynAnalysisRunner has terminated.
Mono: successfully reloaded assembly
- Completed reload, in  0.951 seconds
Platform modules already initialized, skipping
Switching build target platform(5) subTarget(0) extendedPlatform(0) -> platform(13) subTarget(537395200) extendedPlatform(0)
Refreshing native plugins compatible for Editor in 0.44 ms, found 1 plugins.
Preloading 0 native plugins for Editor in 0.00 ms.
Unloading 1915 Unused Serialized files (Serialized files now loaded: 0)
System memory in use before: 91.4 MB.
System memory in use after: 91.6 MB.

Unloading 20 unused Assets to reduce memory usage. Loaded Objects now: 2422.
Total: 1.901200 ms (FindLiveObjects: 0.179900 ms CreateObjectMapping: 0.081000 ms MarkObjects: 1.609300 ms  DeleteObjects: 0.030200 ms)

AssetImportParameters requested are different than current active one (requested -> active):
  custom:graphics/normal-map-encoding: 01000000000000000000000000000000 -> 02000000000000000000000000000000
========================================================================
Received Import Request.
  Time since last request: 39.839282 seconds.
  path: Assets/Tooltip.cs
  artifactKey: Guid(9126c6a5195fa674fa65b638e097cadf) Importer(815301076,1909f56bfc062723c751e8b465ee728b)
Start importing Assets/Tooltip.cs using Guid(9126c6a5195fa674fa65b638e097cadf) Importer(815301076,1909f56bfc062723c751e8b465ee728b)  -> (artifact id: '7a5dd89337c281c4c996fa2d3e26e1ca') in 0.015885 seconds
  Import took 0.019510 seconds .

========================================================================
Received Prepare
Registering precompiled user dll's ...
Registered in 0.001163 seconds.
Begin MonoManager ReloadAssembly
Native extension for WindowsStandalone target not found
Refreshing native plugins compatible for Editor in 0.53 ms, found 1 plugins.
Preloading 0 native plugins for Editor in 0.00 ms.
Invoked RoslynAnalysisRunner static constructor.
RoslynAnalysisRunner will not be running.
RoslynAnalysisRunner has terminated.
Mono: successfully reloaded assembly
- Completed reload, in  0.939 seconds
Platform modules already initialized, skipping
Switching build target platform(5) subTarget(0) extendedPlatform(0) -> platform(13) subTarget(537395200) extendedPlatform(0)
Refreshing native plugins compatible for Editor in 0.69 ms, found 1 plugins.
Preloading 0 native plugins for Editor in 0.00 ms.
Unloading 1915 Unused Serialized files (Serialized files now loaded: 0)
System memory in use before: 91.5 MB.
System memory in use after: 91.6 MB.

Unloading 20 unused Assets to reduce memory usage. Loaded Objects now: 2425.
Total: 1.807600 ms (FindLiveObjects: 0.186700 ms CreateObjectMapping: 0.069700 ms MarkObjects: 1.534100 ms  DeleteObjects: 0.016000 ms)

AssetImportParameters requested are different than current active one (requested -> active):
  custom:graphics/normal-map-encoding: 01000000000000000000000000000000 -> 02000000000000000000000000000000
========================================================================
Received Prepare
Registering precompiled user dll's ...
Registered in 0.000783 seconds.
Begin MonoManager ReloadAssembly
Native extension for WindowsStandalone target not found
Refreshing native plugins compatible for Editor in 0.45 ms, found 1 plugins.
Preloading 0 native plugins for Editor in 0.00 ms.
Invoked RoslynAnalysisRunner static constructor.
RoslynAnalysisRunner will not be running.
RoslynAnalysisRunner has terminated.
Mono: successfully reloaded assembly
- Completed reload, in  0.946 seconds
Platform modules already initialized, skipping
Switching build target platform(5) subTarget(0) extendedPlatform(0) -> platform(13) subTarget(537395200) extendedPlatform(0)
Refreshing native plugins compatible for Editor in 0.42 ms, found 1 plugins.
Preloading 0 native plugins for Editor in 0.00 ms.
Unloading 1915 Unused Serialized files (Serialized files now loaded: 0)
System memory in use before: 91.5 MB.
System memory in use after: 91.6 MB.

Unloading 20 unused Assets to reduce memory usage. Loaded Objects now: 2428.
Total: 1.771800 ms (FindLiveObjects: 0.259800 ms CreateObjectMapping: 0.074000 ms MarkObjects: 1.419500 ms  DeleteObjects: 0.017800 ms)

AssetImportParameters requested are different than current active one (requested -> active):
  custom:graphics/normal-map-encoding: 01000000000000000000000000000000 -> 02000000000000000000000000000000
========================================================================
Received Prepare
Registering precompiled user dll's ...
Registered in 0.000882 seconds.
Begin MonoManager ReloadAssembly
Native extension for WindowsStandalone target not found
Refreshing native plugins compatible for Editor in 0.53 ms, found 1 plugins.
Preloading 0 native plugins for Editor in 0.00 ms.
Invoked RoslynAnalysisRunner static constructor.
RoslynAnalysisRunner will not be running.
RoslynAnalysisRunner has terminated.
Mono: successfully reloaded assembly
- Completed reload, in  0.907 seconds
Platform modules already initialized, skipping
Switching build target platform(5) subTarget(0) extendedPlatform(0) -> platform(13) subTarget(537395200) extendedPlatform(0)
Refreshing native plugins compatible for Editor in 0.44 ms, found 1 plugins.
Preloading 0 native plugins for Editor in 0.00 ms.
Unloading 1915 Unused Serialized files (Serialized files now loaded: 0)
System memory in use before: 91.5 MB.
System memory in use after: 91.6 MB.

Unloading 20 unused Assets to reduce memory usage. Loaded Objects now: 2431.
Total: 2.369600 ms (FindLiveObjects: 0.196300 ms CreateObjectMapping: 0.065200 ms MarkObjects: 2.090700 ms  DeleteObjects: 0.016300 ms)

AssetImportParameters requested are different than current active one (requested -> active):
  custom:graphics/normal-map-encoding: 01000000000000000000000000000000 -> 02000000000000000000000000000000
========================================================================
Received Prepare
Registering precompiled user dll's ...
Registered in 0.000700 seconds.
Begin MonoManager ReloadAssembly
Native extension for WindowsStandalone target not found
Refreshing native plugins compatible for Editor in 0.47 ms, found 1 plugins.
Preloading 0 native plugins for Editor in 0.00 ms.
Invoked RoslynAnalysisRunner static constructor.
RoslynAnalysisRunner will not be running.
RoslynAnalysisRunner has terminated.
Mono: successfully reloaded assembly
- Completed reload, in  0.849 seconds
Platform modules already initialized, skipping
Switching build target platform(5) subTarget(0) extendedPlatform(0) -> platform(13) subTarget(537395200) extendedPlatform(0)
Refreshing native plugins compatible for Editor in 0.43 ms, found 1 plugins.
Preloading 0 native plugins for Editor in 0.00 ms.
Unloading 1915 Unused Serialized files (Serialized files now loaded: 0)
System memory in use before: 91.5 MB.
System memory in use after: 91.6 MB.

Unloading 20 unused Assets to reduce memory usage. Loaded Objects now: 2434.
Total: 1.905500 ms (FindLiveObjects: 0.252600 ms CreateObjectMapping: 0.066500 ms MarkObjects: 1.553600 ms  DeleteObjects: 0.031900 ms)

AssetImportParameters requested are different than current active one (requested -> active):
  custom:graphics/normal-map-encoding: 01000000000000000000000000000000 -> 02000000000000000000000000000000
========================================================================
Received Prepare
Registering precompiled user dll's ...
Registered in 0.000846 seconds.
Begin MonoManager ReloadAssembly
Native extension for WindowsStandalone target not found
Refreshing native plugins compatible for Editor in 0.45 ms, found 1 plugins.
Preloading 0 native plugins for Editor in 0.00 ms.
Invoked RoslynAnalysisRunner static constructor.
RoslynAnalysisRunner will not be running.
RoslynAnalysisRunner has terminated.
Mono: successfully reloaded assembly
- Completed reload, in  0.878 seconds
Platform modules already initialized, skipping
Switching build target platform(5) subTarget(0) extendedPlatform(0) -> platform(13) subTarget(537395200) extendedPlatform(0)
Refreshing native plugins compatible for Editor in 0.45 ms, found 1 plugins.
Preloading 0 native plugins for Editor in 0.00 ms.
Unloading 1915 Unused Serialized files (Serialized files now loaded: 0)
System memory in use before: 91.5 MB.
System memory in use after: 91.6 MB.

Unloading 20 unused Assets to reduce memory usage. Loaded Objects now: 2437.
Total: 1.861900 ms (FindLiveObjects: 0.175300 ms CreateObjectMapping: 0.063300 ms MarkObjects: 1.606000 ms  DeleteObjects: 0.016500 ms)

AssetImportParameters requested are different than current active one (requested -> active):
  custom:graphics/normal-map-encoding: 01000000000000000000000000000000 -> 02000000000000000000000000000000
========================================================================
Received Prepare
Registering precompiled user dll's ...
Registered in 0.001103 seconds.
Begin MonoManager ReloadAssembly
Native extension for WindowsStandalone target not found
Refreshing native plugins compatible for Editor in 0.43 ms, found 1 plugins.
Preloading 0 native plugins for Editor in 0.00 ms.
Invoked RoslynAnalysisRunner static constructor.
RoslynAnalysisRunner will not be running.
RoslynAnalysisRunner has terminated.
Mono: successfully reloaded assembly
- Completed reload, in  0.820 seconds
Platform modules already initialized, skipping
Switching build target platform(5) subTarget(0) extendedPlatform(0) -> platform(13) subTarget(537395200) extendedPlatform(0)
Refreshing native plugins compatible for Editor in 0.43 ms, found 1 plugins.
Preloading 0 native plugins for Editor in 0.00 ms.
Unloading 1915 Unused Serialized files (Serialized files now loaded: 0)
System memory in use before: 91.5 MB.
System memory in use after: 91.6 MB.

Unloading 20 unused Assets to reduce memory usage. Loaded Objects now: 2440.
Total: 1.944700 ms (FindLiveObjects: 0.179600 ms CreateObjectMapping: 0.064400 ms MarkObjects: 1.670700 ms  DeleteObjects: 0.029300 ms)

AssetImportParameters requested are different than current active one (requested -> active):
  custom:graphics/normal-map-encoding: 01000000000000000000000000000000 -> 02000000000000000000000000000000
========================================================================
Received Prepare
Registering precompiled user dll's ...
Registered in 0.001102 seconds.
Begin MonoManager ReloadAssembly
Native extension for WindowsStandalone target not found
Refreshing native plugins compatible for Editor in 0.45 ms, found 1 plugins.
Preloading 0 native plugins for Editor in 0.00 ms.
Invoked RoslynAnalysisRunner static constructor.
RoslynAnalysisRunner will not be running.
RoslynAnalysisRunner has terminated.
Mono: successfully reloaded assembly
- Completed reload, in  1.066 seconds
Platform modules already initialized, skipping
Switching build target platform(5) subTarget(0) extendedPlatform(0) -> platform(13) subTarget(537395200) extendedPlatform(0)
Refreshing native plugins compatible for Editor in 0.47 ms, found 1 plugins.
Preloading 0 native plugins for Editor in 0.00 ms.
Unloading 1915 Unused Serialized files (Serialized files now loaded: 0)
System memory in use before: 91.5 MB.
System memory in use after: 91.6 MB.

Unloading 20 unused Assets to reduce memory usage. Loaded Objects now: 2443.
Total: 1.946500 ms (FindLiveObjects: 0.285300 ms CreateObjectMapping: 0.082400 ms MarkObjects: 1.555800 ms  DeleteObjects: 0.021800 ms)

AssetImportParameters requested are different than current active one (requested -> active):
  custom:graphics/normal-map-encoding: 01000000000000000000000000000000 -> 02000000000000000000000000000000
========================================================================
Received Prepare
Registering precompiled user dll's ...
Registered in 0.000714 seconds.
Begin MonoManager ReloadAssembly
Native extension for WindowsStandalone target not found
Refreshing native plugins compatible for Editor in 0.64 ms, found 1 plugins.
Preloading 0 native plugins for Editor in 0.00 ms.
Invoked RoslynAnalysisRunner static constructor.
RoslynAnalysisRunner will not be running.
RoslynAnalysisRunner has terminated.
Mono: successfully reloaded assembly
- Completed reload, in  0.865 seconds
Platform modules already initialized, skipping
Switching build target platform(5) subTarget(0) extendedPlatform(0) -> platform(13) subTarget(537395200) extendedPlatform(0)
Refreshing native plugins compatible for Editor in 0.48 ms, found 1 plugins.
Preloading 0 native plugins for Editor in 0.00 ms.
Unloading 1915 Unused Serialized files (Serialized files now loaded: 0)
System memory in use before: 91.5 MB.
System memory in use after: 91.6 MB.

Unloading 20 unused Assets to reduce memory usage. Loaded Objects now: 2446.
Total: 2.696700 ms (FindLiveObjects: 0.213900 ms CreateObjectMapping: 0.086300 ms MarkObjects: 2.362800 ms  DeleteObjects: 0.032500 ms)

AssetImportParameters requested are different than current active one (requested -> active):
  custom:graphics/normal-map-encoding: 01000000000000000000000000000000 -> 02000000000000000000000000000000
========================================================================
Received Import Request.
  Time since last request: 867.039332 seconds.
  path: Assets/Talents/Enflame 1.asset
  artifactKey: Guid(a3d2f715056c0ce45a0189d398d74eb2) Importer(815301076,1909f56bfc062723c751e8b465ee728b)
Start importing Assets/Talents/Enflame 1.asset using Guid(a3d2f715056c0ce45a0189d398d74eb2) Importer(815301076,1909f56bfc062723c751e8b465ee728b)  -> (artifact id: '4861c348a0ce0c1a0f873fbd34272db9') in 0.025726 seconds
  Import took 0.030622 seconds .

========================================================================
Received Import Request.
  Time since last request: 0.000694 seconds.
  path: Assets/Talents/Enflame 1.asset
  artifactKey: Guid(a3d2f715056c0ce45a0189d398d74eb2) Importer(815301076,1909f56bfc062723c751e8b465ee728b)
Start importing Assets/Talents/Enflame 1.asset using Guid(a3d2f715056c0ce45a0189d398d74eb2) Importer(815301076,1909f56bfc062723c751e8b465ee728b)  -> (artifact id: '4861c348a0ce0c1a0f873fbd34272db9') in 0.003761 seconds
  Import took 0.007688 seconds .

========================================================================
Received Import Request.
  Time since last request: 2.738768 seconds.
  path: Assets/Talents/Totals.asset
  artifactKey: Guid(a3d2f715056c0ce45a0189d398d74eb2) Importer(815301076,1909f56bfc062723c751e8b465ee728b)
Start importing Assets/Talents/Totals.asset using Guid(a3d2f715056c0ce45a0189d398d74eb2) Importer(815301076,1909f56bfc062723c751e8b465ee728b)  -> (artifact id: 'a459ebae637afba45d7e6cc4d0ac867b') in 0.007642 seconds
  Import took 0.011117 seconds .

========================================================================
Received Prepare
Registering precompiled user dll's ...
Registered in 0.000803 seconds.
Begin MonoManager ReloadAssembly
Native extension for WindowsStandalone target not found
Refreshing native plugins compatible for Editor in 0.44 ms, found 1 plugins.
Preloading 0 native plugins for Editor in 0.00 ms.
Invoked RoslynAnalysisRunner static constructor.
RoslynAnalysisRunner will not be running.
RoslynAnalysisRunner has terminated.
Mono: successfully reloaded assembly
- Completed reload, in  0.870 seconds
Platform modules already initialized, skipping
Switching build target platform(5) subTarget(0) extendedPlatform(0) -> platform(13) subTarget(537395200) extendedPlatform(0)
Refreshing native plugins compatible for Editor in 0.47 ms, found 1 plugins.
Preloading 0 native plugins for Editor in 0.00 ms.
Unloading 1915 Unused Serialized files (Serialized files now loaded: 0)
System memory in use before: 91.5 MB.
System memory in use after: 91.6 MB.

Unloading 20 unused Assets to reduce memory usage. Loaded Objects now: 2449.
Total: 2.310800 ms (FindLiveObjects: 0.384600 ms CreateObjectMapping: 0.128800 ms MarkObjects: 1.770100 ms  DeleteObjects: 0.026500 ms)

AssetImportParameters requested are different than current active one (requested -> active):
  custom:graphics/normal-map-encoding: 01000000000000000000000000000000 -> 02000000000000000000000000000000
========================================================================
Received Prepare
Registering precompiled user dll's ...
Registered in 0.000719 seconds.
Begin MonoManager ReloadAssembly
Native extension for WindowsStandalone target not found
Refreshing native plugins compatible for Editor in 0.47 ms, found 1 plugins.
Preloading 0 native plugins for Editor in 0.00 ms.
Invoked RoslynAnalysisRunner static constructor.
RoslynAnalysisRunner will not be running.
RoslynAnalysisRunner has terminated.
Mono: successfully reloaded assembly
- Completed reload, in  0.821 seconds
Platform modules already initialized, skipping
Switching build target platform(5) subTarget(0) extendedPlatform(0) -> platform(13) subTarget(537395200) extendedPlatform(0)
Refreshing native plugins compatible for Editor in 0.46 ms, found 1 plugins.
Preloading 0 native plugins for Editor in 0.00 ms.
Unloading 1915 Unused Serialized files (Serialized files now loaded: 0)
System memory in use before: 91.5 MB.
System memory in use after: 91.6 MB.

Unloading 20 unused Assets to reduce memory usage. Loaded Objects now: 2452.
Total: 1.751200 ms (FindLiveObjects: 0.171900 ms CreateObjectMapping: 0.071800 ms MarkObjects: 1.491800 ms  DeleteObjects: 0.015100 ms)

AssetImportParameters requested are different than current active one (requested -> active):
  custom:graphics/normal-map-encoding: 01000000000000000000000000000000 -> 02000000000000000000000000000000
========================================================================
Received Prepare
Registering precompiled user dll's ...
Registered in 0.000799 seconds.
Begin MonoManager ReloadAssembly
Native extension for WindowsStandalone target not found
Refreshing native plugins compatible for Editor in 0.44 ms, found 1 plugins.
Preloading 0 native plugins for Editor in 0.00 ms.
Invoked RoslynAnalysisRunner static constructor.
RoslynAnalysisRunner will not be running.
RoslynAnalysisRunner has terminated.
Mono: successfully reloaded assembly
- Completed reload, in  0.886 seconds
Platform modules already initialized, skipping
Switching build target platform(5) subTarget(0) extendedPlatform(0) -> platform(13) subTarget(537395200) extendedPlatform(0)
Refreshing native plugins compatible for Editor in 0.44 ms, found 1 plugins.
Preloading 0 native plugins for Editor in 0.00 ms.
Unloading 1915 Unused Serialized files (Serialized files now loaded: 0)
System memory in use before: 91.5 MB.
System memory in use after: 91.7 MB.

Unloading 20 unused Assets to reduce memory usage. Loaded Objects now: 2455.
Total: 2.155000 ms (FindLiveObjects: 0.300000 ms CreateObjectMapping: 0.068600 ms MarkObjects: 1.748200 ms  DeleteObjects: 0.036400 ms)

AssetImportParameters requested are different than current active one (requested -> active):
  custom:graphics/normal-map-encoding: 01000000000000000000000000000000 -> 02000000000000000000000000000000
========================================================================
Received Prepare
Registering precompiled user dll's ...
Registered in 0.000687 seconds.
Begin MonoManager ReloadAssembly
Native extension for WindowsStandalone target not found
Refreshing native plugins compatible for Editor in 0.43 ms, found 1 plugins.
Preloading 0 native plugins for Editor in 0.00 ms.
Invoked RoslynAnalysisRunner static constructor.
RoslynAnalysisRunner will not be running.
RoslynAnalysisRunner has terminated.
Mono: successfully reloaded assembly
- Completed reload, in  0.898 seconds
Platform modules already initialized, skipping
Switching build target platform(5) subTarget(0) extendedPlatform(0) -> platform(13) subTarget(537395200) extendedPlatform(0)
Refreshing native plugins compatible for Editor in 0.42 ms, found 1 plugins.
Preloading 0 native plugins for Editor in 0.00 ms.
Unloading 1915 Unused Serialized files (Serialized files now loaded: 0)
System memory in use before: 91.5 MB.
System memory in use after: 91.7 MB.

Unloading 20 unused Assets to reduce memory usage. Loaded Objects now: 2458.
Total: 1.884800 ms (FindLiveObjects: 0.176900 ms CreateObjectMapping: 0.068700 ms MarkObjects: 1.594300 ms  DeleteObjects: 0.044200 ms)

AssetImportParameters requested are different than current active one (requested -> active):
  custom:graphics/normal-map-encoding: 01000000000000000000000000000000 -> 02000000000000000000000000000000
========================================================================
Received Prepare
Registering precompiled user dll's ...
Registered in 0.000744 seconds.
Begin MonoManager ReloadAssembly
Native extension for WindowsStandalone target not found
Refreshing native plugins compatible for Editor in 0.48 ms, found 1 plugins.
Preloading 0 native plugins for Editor in 0.00 ms.
Invoked RoslynAnalysisRunner static constructor.
RoslynAnalysisRunner will not be running.
RoslynAnalysisRunner has terminated.
Mono: successfully reloaded assembly
- Completed reload, in  0.930 seconds
Platform modules already initialized, skipping
Switching build target platform(5) subTarget(0) extendedPlatform(0) -> platform(13) subTarget(537395200) extendedPlatform(0)
Refreshing native plugins compatible for Editor in 0.46 ms, found 1 plugins.
Preloading 0 native plugins for Editor in 0.00 ms.
Unloading 1915 Unused Serialized files (Serialized files now loaded: 0)
System memory in use before: 91.6 MB.
System memory in use after: 91.7 MB.

Unloading 20 unused Assets to reduce memory usage. Loaded Objects now: 2461.
Total: 2.020200 ms (FindLiveObjects: 0.201800 ms CreateObjectMapping: 0.066800 ms MarkObjects: 1.725700 ms  DeleteObjects: 0.024600 ms)

AssetImportParameters requested are different than current active one (requested -> active):
  custom:graphics/normal-map-encoding: 01000000000000000000000000000000 -> 02000000000000000000000000000000
========================================================================
Received Prepare
Registering precompiled user dll's ...
Registered in 0.000759 seconds.
Begin MonoManager ReloadAssembly
Native extension for WindowsStandalone target not found
Refreshing native plugins compatible for Editor in 0.74 ms, found 1 plugins.
Preloading 0 native plugins for Editor in 0.00 ms.
Invoked RoslynAnalysisRunner static constructor.
RoslynAnalysisRunner will not be running.
RoslynAnalysisRunner has terminated.
Mono: successfully reloaded assembly
- Completed reload, in  0.869 seconds
Platform modules already initialized, skipping
Switching build target platform(5) subTarget(0) extendedPlatform(0) -> platform(13) subTarget(537395200) extendedPlatform(0)
Refreshing native plugins compatible for Editor in 0.45 ms, found 1 plugins.
Preloading 0 native plugins for Editor in 0.00 ms.
Unloading 1915 Unused Serialized files (Serialized files now loaded: 0)
System memory in use before: 91.6 MB.
System memory in use after: 91.7 MB.

Unloading 20 unused Assets to reduce memory usage. Loaded Objects now: 2464.
Total: 2.182600 ms (FindLiveObjects: 0.225700 ms CreateObjectMapping: 0.063800 ms MarkObjects: 1.855700 ms  DeleteObjects: 0.036500 ms)

AssetImportParameters requested are different than current active one (requested -> active):
  custom:graphics/normal-map-encoding: 01000000000000000000000000000000 -> 02000000000000000000000000000000
========================================================================
Received Prepare
Registering precompiled user dll's ...
Registered in 0.000795 seconds.
Begin MonoManager ReloadAssembly
Native extension for WindowsStandalone target not found
Refreshing native plugins compatible for Editor in 0.44 ms, found 1 plugins.
Preloading 0 native plugins for Editor in 0.00 ms.
Invoked RoslynAnalysisRunner static constructor.
RoslynAnalysisRunner will not be running.
RoslynAnalysisRunner has terminated.
Mono: successfully reloaded assembly
- Completed reload, in  0.897 seconds
Platform modules already initialized, skipping
Switching build target platform(5) subTarget(0) extendedPlatform(0) -> platform(13) subTarget(537395200) extendedPlatform(0)
Refreshing native plugins compatible for Editor in 0.42 ms, found 1 plugins.
Preloading 0 native plugins for Editor in 0.00 ms.
Unloading 1915 Unused Serialized files (Serialized files now loaded: 0)
System memory in use before: 91.6 MB.
System memory in use after: 91.7 MB.

Unloading 20 unused Assets to reduce memory usage. Loaded Objects now: 2467.
Total: 1.946000 ms (FindLiveObjects: 0.194100 ms CreateObjectMapping: 0.051600 ms MarkObjects: 1.679900 ms  DeleteObjects: 0.019700 ms)

AssetImportParameters requested are different than current active one (requested -> active):
  custom:graphics/normal-map-encoding: 01000000000000000000000000000000 -> 02000000000000000000000000000000
========================================================================
Received Prepare
Registering precompiled user dll's ...
Registered in 0.000715 seconds.
Begin MonoManager ReloadAssembly
Native extension for WindowsStandalone target not found
Refreshing native plugins compatible for Editor in 0.75 ms, found 1 plugins.
Preloading 0 native plugins for Editor in 0.00 ms.
Invoked RoslynAnalysisRunner static constructor.
RoslynAnalysisRunner will not be running.
RoslynAnalysisRunner has terminated.
Mono: successfully reloaded assembly
- Completed reload, in  0.899 seconds
Platform modules already initialized, skipping
Switching build target platform(5) subTarget(0) extendedPlatform(0) -> platform(13) subTarget(537395200) extendedPlatform(0)
Refreshing native plugins compatible for Editor in 0.46 ms, found 1 plugins.
Preloading 0 native plugins for Editor in 0.00 ms.
Unloading 1915 Unused Serialized files (Serialized files now loaded: 0)
System memory in use before: 91.6 MB.
System memory in use after: 91.7 MB.

Unloading 20 unused Assets to reduce memory usage. Loaded Objects now: 2470.
Total: 2.260300 ms (FindLiveObjects: 0.296000 ms CreateObjectMapping: 0.099300 ms MarkObjects: 1.829800 ms  DeleteObjects: 0.034500 ms)

AssetImportParameters requested are different than current active one (requested -> active):
  custom:graphics/normal-map-encoding: 01000000000000000000000000000000 -> 02000000000000000000000000000000
========================================================================
Received Import Request.
  Time since last request: 689.361983 seconds.
  path: Assets/Talents/Totals.asset
  artifactKey: Guid(a3d2f715056c0ce45a0189d398d74eb2) Importer(815301076,1909f56bfc062723c751e8b465ee728b)
Start importing Assets/Talents/Totals.asset using Guid(a3d2f715056c0ce45a0189d398d74eb2) Importer(815301076,1909f56bfc062723c751e8b465ee728b)  -> (artifact id: '32bb6c7012e3298ee12643c1a02d69f7') in 0.016294 seconds
  Import took 0.019708 seconds .

AssetImportWorkerClient::OnTransportError - code=2 error=End of file
